<?xml version="1.0" encoding="UTF-8"?>
<testng-results ignored="0" total="2" passed="2" failed="0" skipped="0">
  <reporter-output>
  </reporter-output>
  <suite started-at="2024-11-15T22:56:46 IST" name="Suite" finished-at="2024-11-15T22:57:32 IST" duration-ms="45674">
    <groups>
    </groups>
    <test started-at="2024-11-15T22:56:46 IST" name="Test" finished-at="2024-11-15T22:57:32 IST" duration-ms="45674">
      <class name="maven_package1.Maven_Project1.Test_Case1">
        <test-method is-config="true" signature="launch()[pri:0, instance:maven_package1.Maven_Project1.Test_Case1@4cc451f2]" started-at="2024-11-15T22:56:46 IST" name="launch" finished-at="2024-11-15T22:56:55 IST" duration-ms="8551" status="PASS">
          <reporter-output>
          </reporter-output>
        </test-method> <!-- launch -->
        <test-method signature="login_to_amazon()[pri:0, instance:maven_package1.Maven_Project1.Test_Case1@4cc451f2]" started-at="2024-11-15T22:56:55 IST" name="login_to_amazon" finished-at="2024-11-15T22:57:03 IST" duration-ms="8400" status="PASS">
          <reporter-output>
          </reporter-output>
        </test-method> <!-- login_to_amazon -->
        <test-method is-config="true" signature="quit()[pri:0, instance:maven_package1.Maven_Project1.Test_Case1@4cc451f2]" started-at="2024-11-15T22:57:03 IST" name="quit" finished-at="2024-11-15T22:57:06 IST" duration-ms="3373" status="PASS">
          <reporter-output>
          </reporter-output>
        </test-method> <!-- quit -->
      </class> <!-- maven_package1.Maven_Project1.Test_Case1 -->
      <class name="maven_package1.Maven_Project1.Test_Case2">
        <test-method is-config="true" signature="launch()[pri:0, instance:maven_package1.Maven_Project1.Test_Case2@6069db50]" started-at="2024-11-15T22:57:06 IST" name="launch" finished-at="2024-11-15T22:57:12 IST" duration-ms="6002" status="PASS">
          <reporter-output>
          </reporter-output>
        </test-method> <!-- launch -->
        <test-method signature="login_to_amazon()[pri:0, instance:maven_package1.Maven_Project1.Test_Case2@6069db50]" started-at="2024-11-15T22:57:12 IST" name="login_to_amazon" finished-at="2024-11-15T22:57:28 IST" duration-ms="15961" status="PASS">
          <reporter-output>
          </reporter-output>
        </test-method> <!-- login_to_amazon -->
        <test-method is-config="true" signature="quit()[pri:0, instance:maven_package1.Maven_Project1.Test_Case2@6069db50]" started-at="2024-11-15T22:57:28 IST" name="quit" finished-at="2024-11-15T22:57:32 IST" duration-ms="3314" status="PASS">
          <reporter-output>
          </reporter-output>
        </test-method> <!-- quit -->
      </class> <!-- maven_package1.Maven_Project1.Test_Case2 -->
    </test> <!-- Test -->
  </suite> <!-- Suite -->
</testng-results>
