<?xml version="1.0" encoding="UTF-8"?>
<testng-results ignored="0" total="1" passed="1" failed="0" skipped="0">
  <reporter-output>
  </reporter-output>
  <suite started-at="2024-11-14T17:21:10 IST" name="Default suite" finished-at="2024-11-14T17:22:11 IST" duration-ms="61086">
    <groups>
    </groups>
    <test started-at="2024-11-14T17:21:10 IST" name="Default test" finished-at="2024-11-14T17:22:11 IST" duration-ms="61086">
      <class name="maven_package1.Maven_Project1.Test_Case2">
        <test-method is-config="true" signature="launch()[pri:0, instance:maven_package1.Maven_Project1.Test_Case2@2f9f7dcf]" started-at="2024-11-14T17:21:10 IST" name="launch" finished-at="2024-11-14T17:21:55 IST" duration-ms="45222" status="PASS">
          <reporter-output>
          </reporter-output>
        </test-method> <!-- launch -->
        <test-method signature="login_to_amazon()[pri:0, instance:maven_package1.Maven_Project1.Test_Case2@2f9f7dcf]" started-at="2024-11-14T17:21:55 IST" name="login_to_amazon" finished-at="2024-11-14T17:22:07 IST" duration-ms="12335" status="PASS">
          <reporter-output>
          </reporter-output>
        </test-method> <!-- login_to_amazon -->
        <test-method is-config="true" signature="quit()[pri:0, instance:maven_package1.Maven_Project1.Test_Case2@2f9f7dcf]" started-at="2024-11-14T17:22:07 IST" name="quit" finished-at="2024-11-14T17:22:11 IST" duration-ms="3463" status="PASS">
          <reporter-output>
          </reporter-output>
        </test-method> <!-- quit -->
      </class> <!-- maven_package1.Maven_Project1.Test_Case2 -->
    </test> <!-- Default test -->
  </suite> <!-- Default suite -->
</testng-results>
